Terminals unused in grammar

   ELSE


Grammar

    0 $accept: prog_start $end

    1 prog_start: functions

    2 functions: function functions
    3          | %empty

    4 function: FUNCTION IDENT SEMICOLON BEGIN_PARAMS declarations END_PARAMS BEGIN_LOCALS declarations END_LOCALS BEGIN_BODY statements END_BODY

    5 declarations: declaration SEMICOLON declarations
    6             | %empty

    7 declaration: identifiers COLON INTEGER
    8            | identifiers COLON ARRAY L_SQUARE_BRACKET NUMBER R_SQUARE_BRACKET OF INTEGER

    9 statements: statement SEMICOLON statements
   10           | %empty

   11 statement: var ASSIGN expression
   12          | IF bool_exp THEN statement SEMICOLON ENDIF
   13          | WHILE bool_exp BEGINLOOP statements ENDLOOP
   14          | DO BEGINLOOP statements ENDLOOP WHILE bool_exp
   15          | FOREACH IDENT IN IDENT BEGINLOOP statements ENDLOOP
   16          | READ vars
   17          | WRITE vars
   18          | CONTINUE
   19          | RETURN expression

   20 bool_exp: relation_and_exp
   21         | relation_and_exp OR relation_and_exp

   22 relation_and_exp: relation_exp
   23                 | relation_exp AND relation_exp

   24 relation_exp: NOT relation_exp
   25             | expression comp expression
   26             | TRUE
   27             | FALSE
   28             | L_PAREN bool_exp R_PAREN

   29 comp: EQ
   30     | NEQ
   31     | LT
   32     | GT
   33     | LTE
   34     | GTE

   35 expression: multiplicative_expression
   36           | multiplicative_expression ADD multiplicative_expression
   37           | multiplicative_expression SUB multiplicative_expression

   38 multiplicative_expression: term
   39                          | term MULT term
   40                          | term DIV term
   41                          | term MOD term

   42 term: SUB NUMBER
   43     | NUMBER
   44     | var
   45     | SUB var
   46     | L_PAREN expression R_PAREN
   47     | SUB L_PAREN expression R_PAREN
   48     | IDENT L_PAREN expressions R_PAREN

   49 expressions: expression
   50            | expression COMMA expressions

   51 vars: var
   52     | var COMMA vars

   53 var: IDENT
   54    | IDENT L_SQUARE_BRACKET expression R_SQUARE_BRACKET

   55 identifiers: IDENT
   56            | IDENT COMMA identifiers


Terminals, with rules where they appear

$end (0) 0
error (256)
FUNCTION (258) 4
IDENT (259) 4 15 48 53 54 55 56
INTEGER (260) 7 8
OF (261) 8
ARRAY (262) 8
READ (263) 16
IF (264) 12
THEN (265) 12
ENDIF (266) 12
ELSE (267)
WHILE (268) 13 14
DO (269) 14
BEGIN_PARAMS (270) 4
BEGIN_LOCALS (271) 4
BEGIN_BODY (272) 4
IN (273) 15
BEGINLOOP (274) 13 14 15
ENDLOOP (275) 13 14 15
END_PARAMS (276) 4
END_LOCALS (277) 4
END_BODY (278) 4
CONTINUE (279) 18
WRITE (280) 17
TRUE (281) 26
FOREACH (282) 15
FALSE (283) 27
RETURN (284) 19
NUMBER (285) 8 42 43
ADD (286) 36
MULT (287) 39
DIV (288) 40
MOD (289) 41
AND (290) 23
OR (291) 21
SEMICOLON (292) 4 5 9 12
COLON (293) 7 8
COMMA (294) 50 52 56
L_PAREN (295) 28 46 47 48
R_PAREN (296) 28 46 47 48
L_SQUARE_BRACKET (297) 8 54
R_SQUARE_BRACKET (298) 8 54
EQ (299) 29
NEQ (300) 30
LT (301) 31
GT (302) 32
LTE (303) 33
GTE (304) 34
SUB (305) 37 42 45 47
NOT (306) 24
ASSIGN (307) 11


Nonterminals, with rules where they appear

$accept (53)
    on left: 0
prog_start (54)
    on left: 1, on right: 0
functions (55)
    on left: 2 3, on right: 1 2
function (56)
    on left: 4, on right: 2
declarations (57)
    on left: 5 6, on right: 4 5
declaration (58)
    on left: 7 8, on right: 5
statements (59)
    on left: 9 10, on right: 4 9 13 14 15
statement (60)
    on left: 11 12 13 14 15 16 17 18 19, on right: 9 12
bool_exp (61)
    on left: 20 21, on right: 12 13 14 28
relation_and_exp (62)
    on left: 22 23, on right: 20 21
relation_exp (63)
    on left: 24 25 26 27 28, on right: 22 23 24
comp (64)
    on left: 29 30 31 32 33 34, on right: 25
expression (65)
    on left: 35 36 37, on right: 11 19 25 46 47 49 50 54
multiplicative_expression (66)
    on left: 38 39 40 41, on right: 35 36 37
term (67)
    on left: 42 43 44 45 46 47 48, on right: 38 39 40 41
expressions (68)
    on left: 49 50, on right: 48 50
vars (69)
    on left: 51 52, on right: 16 17 52
var (70)
    on left: 53 54, on right: 11 44 45 51 52
identifiers (71)
    on left: 55 56, on right: 7 8 56


State 0

    0 $accept: . prog_start $end

    FUNCTION  shift, and go to state 1

    $default  reduce using rule 3 (functions)

    prog_start  go to state 2
    functions   go to state 3
    function    go to state 4


State 1

    4 function: FUNCTION . IDENT SEMICOLON BEGIN_PARAMS declarations END_PARAMS BEGIN_LOCALS declarations END_LOCALS BEGIN_BODY statements END_BODY

    IDENT  shift, and go to state 5


State 2

    0 $accept: prog_start . $end

    $end  shift, and go to state 6


State 3

    1 prog_start: functions .

    $default  reduce using rule 1 (prog_start)


State 4

    2 functions: function . functions

    FUNCTION  shift, and go to state 1

    $default  reduce using rule 3 (functions)

    functions  go to state 7
    function   go to state 4


State 5

    4 function: FUNCTION IDENT . SEMICOLON BEGIN_PARAMS declarations END_PARAMS BEGIN_LOCALS declarations END_LOCALS BEGIN_BODY statements END_BODY

    SEMICOLON  shift, and go to state 8


State 6

    0 $accept: prog_start $end .

    $default  accept


State 7

    2 functions: function functions .

    $default  reduce using rule 2 (functions)


State 8

    4 function: FUNCTION IDENT SEMICOLON . BEGIN_PARAMS declarations END_PARAMS BEGIN_LOCALS declarations END_LOCALS BEGIN_BODY statements END_BODY

    BEGIN_PARAMS  shift, and go to state 9


State 9

    4 function: FUNCTION IDENT SEMICOLON BEGIN_PARAMS . declarations END_PARAMS BEGIN_LOCALS declarations END_LOCALS BEGIN_BODY statements END_BODY

    IDENT  shift, and go to state 10

    $default  reduce using rule 6 (declarations)

    declarations  go to state 11
    declaration   go to state 12
    identifiers   go to state 13


State 10

   55 identifiers: IDENT .
   56            | IDENT . COMMA identifiers

    COMMA  shift, and go to state 14

    $default  reduce using rule 55 (identifiers)


State 11

    4 function: FUNCTION IDENT SEMICOLON BEGIN_PARAMS declarations . END_PARAMS BEGIN_LOCALS declarations END_LOCALS BEGIN_BODY statements END_BODY

    END_PARAMS  shift, and go to state 15


State 12

    5 declarations: declaration . SEMICOLON declarations

    SEMICOLON  shift, and go to state 16


State 13

    7 declaration: identifiers . COLON INTEGER
    8            | identifiers . COLON ARRAY L_SQUARE_BRACKET NUMBER R_SQUARE_BRACKET OF INTEGER

    COLON  shift, and go to state 17


State 14

   56 identifiers: IDENT COMMA . identifiers

    IDENT  shift, and go to state 10

    identifiers  go to state 18


State 15

    4 function: FUNCTION IDENT SEMICOLON BEGIN_PARAMS declarations END_PARAMS . BEGIN_LOCALS declarations END_LOCALS BEGIN_BODY statements END_BODY

    BEGIN_LOCALS  shift, and go to state 19


State 16

    5 declarations: declaration SEMICOLON . declarations

    IDENT  shift, and go to state 10

    $default  reduce using rule 6 (declarations)

    declarations  go to state 20
    declaration   go to state 12
    identifiers   go to state 13


State 17

    7 declaration: identifiers COLON . INTEGER
    8            | identifiers COLON . ARRAY L_SQUARE_BRACKET NUMBER R_SQUARE_BRACKET OF INTEGER

    INTEGER  shift, and go to state 21
    ARRAY    shift, and go to state 22


State 18

   56 identifiers: IDENT COMMA identifiers .

    $default  reduce using rule 56 (identifiers)


State 19

    4 function: FUNCTION IDENT SEMICOLON BEGIN_PARAMS declarations END_PARAMS BEGIN_LOCALS . declarations END_LOCALS BEGIN_BODY statements END_BODY

    IDENT  shift, and go to state 10

    $default  reduce using rule 6 (declarations)

    declarations  go to state 23
    declaration   go to state 12
    identifiers   go to state 13


State 20

    5 declarations: declaration SEMICOLON declarations .

    $default  reduce using rule 5 (declarations)


State 21

    7 declaration: identifiers COLON INTEGER .

    $default  reduce using rule 7 (declaration)


State 22

    8 declaration: identifiers COLON ARRAY . L_SQUARE_BRACKET NUMBER R_SQUARE_BRACKET OF INTEGER

    L_SQUARE_BRACKET  shift, and go to state 24


State 23

    4 function: FUNCTION IDENT SEMICOLON BEGIN_PARAMS declarations END_PARAMS BEGIN_LOCALS declarations . END_LOCALS BEGIN_BODY statements END_BODY

    END_LOCALS  shift, and go to state 25


State 24

    8 declaration: identifiers COLON ARRAY L_SQUARE_BRACKET . NUMBER R_SQUARE_BRACKET OF INTEGER

    NUMBER  shift, and go to state 26


State 25

    4 function: FUNCTION IDENT SEMICOLON BEGIN_PARAMS declarations END_PARAMS BEGIN_LOCALS declarations END_LOCALS . BEGIN_BODY statements END_BODY

    BEGIN_BODY  shift, and go to state 27


State 26

    8 declaration: identifiers COLON ARRAY L_SQUARE_BRACKET NUMBER . R_SQUARE_BRACKET OF INTEGER

    R_SQUARE_BRACKET  shift, and go to state 28


State 27

    4 function: FUNCTION IDENT SEMICOLON BEGIN_PARAMS declarations END_PARAMS BEGIN_LOCALS declarations END_LOCALS BEGIN_BODY . statements END_BODY

    IDENT     shift, and go to state 29
    READ      shift, and go to state 30
    IF        shift, and go to state 31
    WHILE     shift, and go to state 32
    DO        shift, and go to state 33
    CONTINUE  shift, and go to state 34
    WRITE     shift, and go to state 35
    FOREACH   shift, and go to state 36
    RETURN    shift, and go to state 37

    $default  reduce using rule 10 (statements)

    statements  go to state 38
    statement   go to state 39
    var         go to state 40


State 28

    8 declaration: identifiers COLON ARRAY L_SQUARE_BRACKET NUMBER R_SQUARE_BRACKET . OF INTEGER

    OF  shift, and go to state 41


State 29

   53 var: IDENT .
   54    | IDENT . L_SQUARE_BRACKET expression R_SQUARE_BRACKET

    L_SQUARE_BRACKET  shift, and go to state 42

    $default  reduce using rule 53 (var)


State 30

   16 statement: READ . vars

    IDENT  shift, and go to state 29

    vars  go to state 43
    var   go to state 44


State 31

   12 statement: IF . bool_exp THEN statement SEMICOLON ENDIF

    IDENT    shift, and go to state 45
    TRUE     shift, and go to state 46
    FALSE    shift, and go to state 47
    NUMBER   shift, and go to state 48
    L_PAREN  shift, and go to state 49
    SUB      shift, and go to state 50
    NOT      shift, and go to state 51

    bool_exp                   go to state 52
    relation_and_exp           go to state 53
    relation_exp               go to state 54
    expression                 go to state 55
    multiplicative_expression  go to state 56
    term                       go to state 57
    var                        go to state 58


State 32

   13 statement: WHILE . bool_exp BEGINLOOP statements ENDLOOP

    IDENT    shift, and go to state 45
    TRUE     shift, and go to state 46
    FALSE    shift, and go to state 47
    NUMBER   shift, and go to state 48
    L_PAREN  shift, and go to state 49
    SUB      shift, and go to state 50
    NOT      shift, and go to state 51

    bool_exp                   go to state 59
    relation_and_exp           go to state 53
    relation_exp               go to state 54
    expression                 go to state 55
    multiplicative_expression  go to state 56
    term                       go to state 57
    var                        go to state 58


State 33

   14 statement: DO . BEGINLOOP statements ENDLOOP WHILE bool_exp

    BEGINLOOP  shift, and go to state 60


State 34

   18 statement: CONTINUE .

    $default  reduce using rule 18 (statement)


State 35

   17 statement: WRITE . vars

    IDENT  shift, and go to state 29

    vars  go to state 61
    var   go to state 44


State 36

   15 statement: FOREACH . IDENT IN IDENT BEGINLOOP statements ENDLOOP

    IDENT  shift, and go to state 62


State 37

   19 statement: RETURN . expression

    IDENT    shift, and go to state 45
    NUMBER   shift, and go to state 48
    L_PAREN  shift, and go to state 63
    SUB      shift, and go to state 50

    expression                 go to state 64
    multiplicative_expression  go to state 56
    term                       go to state 57
    var                        go to state 58


State 38

    4 function: FUNCTION IDENT SEMICOLON BEGIN_PARAMS declarations END_PARAMS BEGIN_LOCALS declarations END_LOCALS BEGIN_BODY statements . END_BODY

    END_BODY  shift, and go to state 65


State 39

    9 statements: statement . SEMICOLON statements

    SEMICOLON  shift, and go to state 66


State 40

   11 statement: var . ASSIGN expression

    ASSIGN  shift, and go to state 67


State 41

    8 declaration: identifiers COLON ARRAY L_SQUARE_BRACKET NUMBER R_SQUARE_BRACKET OF . INTEGER

    INTEGER  shift, and go to state 68


State 42

   54 var: IDENT L_SQUARE_BRACKET . expression R_SQUARE_BRACKET

    IDENT    shift, and go to state 45
    NUMBER   shift, and go to state 48
    L_PAREN  shift, and go to state 63
    SUB      shift, and go to state 50

    expression                 go to state 69
    multiplicative_expression  go to state 56
    term                       go to state 57
    var                        go to state 58


State 43

   16 statement: READ vars .

    $default  reduce using rule 16 (statement)


State 44

   51 vars: var .
   52     | var . COMMA vars

    COMMA  shift, and go to state 70

    $default  reduce using rule 51 (vars)


State 45

   48 term: IDENT . L_PAREN expressions R_PAREN
   53 var: IDENT .
   54    | IDENT . L_SQUARE_BRACKET expression R_SQUARE_BRACKET

    L_PAREN           shift, and go to state 71
    L_SQUARE_BRACKET  shift, and go to state 42

    $default  reduce using rule 53 (var)


State 46

   26 relation_exp: TRUE .

    $default  reduce using rule 26 (relation_exp)


State 47

   27 relation_exp: FALSE .

    $default  reduce using rule 27 (relation_exp)


State 48

   43 term: NUMBER .

    $default  reduce using rule 43 (term)


State 49

   28 relation_exp: L_PAREN . bool_exp R_PAREN
   46 term: L_PAREN . expression R_PAREN

    IDENT    shift, and go to state 45
    TRUE     shift, and go to state 46
    FALSE    shift, and go to state 47
    NUMBER   shift, and go to state 48
    L_PAREN  shift, and go to state 49
    SUB      shift, and go to state 50
    NOT      shift, and go to state 51

    bool_exp                   go to state 72
    relation_and_exp           go to state 53
    relation_exp               go to state 54
    expression                 go to state 73
    multiplicative_expression  go to state 56
    term                       go to state 57
    var                        go to state 58


State 50

   42 term: SUB . NUMBER
   45     | SUB . var
   47     | SUB . L_PAREN expression R_PAREN

    IDENT    shift, and go to state 29
    NUMBER   shift, and go to state 74
    L_PAREN  shift, and go to state 75

    var  go to state 76


State 51

   24 relation_exp: NOT . relation_exp

    IDENT    shift, and go to state 45
    TRUE     shift, and go to state 46
    FALSE    shift, and go to state 47
    NUMBER   shift, and go to state 48
    L_PAREN  shift, and go to state 49
    SUB      shift, and go to state 50
    NOT      shift, and go to state 51

    relation_exp               go to state 77
    expression                 go to state 55
    multiplicative_expression  go to state 56
    term                       go to state 57
    var                        go to state 58


State 52

   12 statement: IF bool_exp . THEN statement SEMICOLON ENDIF

    THEN  shift, and go to state 78


State 53

   20 bool_exp: relation_and_exp .
   21         | relation_and_exp . OR relation_and_exp

    OR  shift, and go to state 79

    $default  reduce using rule 20 (bool_exp)


State 54

   22 relation_and_exp: relation_exp .
   23                 | relation_exp . AND relation_exp

    AND  shift, and go to state 80

    $default  reduce using rule 22 (relation_and_exp)


State 55

   25 relation_exp: expression . comp expression

    EQ   shift, and go to state 81
    NEQ  shift, and go to state 82
    LT   shift, and go to state 83
    GT   shift, and go to state 84
    LTE  shift, and go to state 85
    GTE  shift, and go to state 86

    comp  go to state 87


State 56

   35 expression: multiplicative_expression .
   36           | multiplicative_expression . ADD multiplicative_expression
   37           | multiplicative_expression . SUB multiplicative_expression

    ADD  shift, and go to state 88
    SUB  shift, and go to state 89

    $default  reduce using rule 35 (expression)


State 57

   38 multiplicative_expression: term .
   39                          | term . MULT term
   40                          | term . DIV term
   41                          | term . MOD term

    MULT  shift, and go to state 90
    DIV   shift, and go to state 91
    MOD   shift, and go to state 92

    $default  reduce using rule 38 (multiplicative_expression)


State 58

   44 term: var .

    $default  reduce using rule 44 (term)


State 59

   13 statement: WHILE bool_exp . BEGINLOOP statements ENDLOOP

    BEGINLOOP  shift, and go to state 93


State 60

   14 statement: DO BEGINLOOP . statements ENDLOOP WHILE bool_exp

    IDENT     shift, and go to state 29
    READ      shift, and go to state 30
    IF        shift, and go to state 31
    WHILE     shift, and go to state 32
    DO        shift, and go to state 33
    CONTINUE  shift, and go to state 34
    WRITE     shift, and go to state 35
    FOREACH   shift, and go to state 36
    RETURN    shift, and go to state 37

    $default  reduce using rule 10 (statements)

    statements  go to state 94
    statement   go to state 39
    var         go to state 40


State 61

   17 statement: WRITE vars .

    $default  reduce using rule 17 (statement)


State 62

   15 statement: FOREACH IDENT . IN IDENT BEGINLOOP statements ENDLOOP

    IN  shift, and go to state 95


State 63

   46 term: L_PAREN . expression R_PAREN

    IDENT    shift, and go to state 45
    NUMBER   shift, and go to state 48
    L_PAREN  shift, and go to state 63
    SUB      shift, and go to state 50

    expression                 go to state 96
    multiplicative_expression  go to state 56
    term                       go to state 57
    var                        go to state 58


State 64

   19 statement: RETURN expression .

    $default  reduce using rule 19 (statement)


State 65

    4 function: FUNCTION IDENT SEMICOLON BEGIN_PARAMS declarations END_PARAMS BEGIN_LOCALS declarations END_LOCALS BEGIN_BODY statements END_BODY .

    $default  reduce using rule 4 (function)


State 66

    9 statements: statement SEMICOLON . statements

    IDENT     shift, and go to state 29
    READ      shift, and go to state 30
    IF        shift, and go to state 31
    WHILE     shift, and go to state 32
    DO        shift, and go to state 33
    CONTINUE  shift, and go to state 34
    WRITE     shift, and go to state 35
    FOREACH   shift, and go to state 36
    RETURN    shift, and go to state 37

    $default  reduce using rule 10 (statements)

    statements  go to state 97
    statement   go to state 39
    var         go to state 40


State 67

   11 statement: var ASSIGN . expression

    IDENT    shift, and go to state 45
    NUMBER   shift, and go to state 48
    L_PAREN  shift, and go to state 63
    SUB      shift, and go to state 50

    expression                 go to state 98
    multiplicative_expression  go to state 56
    term                       go to state 57
    var                        go to state 58


State 68

    8 declaration: identifiers COLON ARRAY L_SQUARE_BRACKET NUMBER R_SQUARE_BRACKET OF INTEGER .

    $default  reduce using rule 8 (declaration)


State 69

   54 var: IDENT L_SQUARE_BRACKET expression . R_SQUARE_BRACKET

    R_SQUARE_BRACKET  shift, and go to state 99


State 70

   52 vars: var COMMA . vars

    IDENT  shift, and go to state 29

    vars  go to state 100
    var   go to state 44


State 71

   48 term: IDENT L_PAREN . expressions R_PAREN

    IDENT    shift, and go to state 45
    NUMBER   shift, and go to state 48
    L_PAREN  shift, and go to state 63
    SUB      shift, and go to state 50

    expression                 go to state 101
    multiplicative_expression  go to state 56
    term                       go to state 57
    expressions                go to state 102
    var                        go to state 58


State 72

   28 relation_exp: L_PAREN bool_exp . R_PAREN

    R_PAREN  shift, and go to state 103


State 73

   25 relation_exp: expression . comp expression
   46 term: L_PAREN expression . R_PAREN

    R_PAREN  shift, and go to state 104
    EQ       shift, and go to state 81
    NEQ      shift, and go to state 82
    LT       shift, and go to state 83
    GT       shift, and go to state 84
    LTE      shift, and go to state 85
    GTE      shift, and go to state 86

    comp  go to state 87


State 74

   42 term: SUB NUMBER .

    $default  reduce using rule 42 (term)


State 75

   47 term: SUB L_PAREN . expression R_PAREN

    IDENT    shift, and go to state 45
    NUMBER   shift, and go to state 48
    L_PAREN  shift, and go to state 63
    SUB      shift, and go to state 50

    expression                 go to state 105
    multiplicative_expression  go to state 56
    term                       go to state 57
    var                        go to state 58


State 76

   45 term: SUB var .

    $default  reduce using rule 45 (term)


State 77

   24 relation_exp: NOT relation_exp .

    $default  reduce using rule 24 (relation_exp)


State 78

   12 statement: IF bool_exp THEN . statement SEMICOLON ENDIF

    IDENT     shift, and go to state 29
    READ      shift, and go to state 30
    IF        shift, and go to state 31
    WHILE     shift, and go to state 32
    DO        shift, and go to state 33
    CONTINUE  shift, and go to state 34
    WRITE     shift, and go to state 35
    FOREACH   shift, and go to state 36
    RETURN    shift, and go to state 37

    statement  go to state 106
    var        go to state 40


State 79

   21 bool_exp: relation_and_exp OR . relation_and_exp

    IDENT    shift, and go to state 45
    TRUE     shift, and go to state 46
    FALSE    shift, and go to state 47
    NUMBER   shift, and go to state 48
    L_PAREN  shift, and go to state 49
    SUB      shift, and go to state 50
    NOT      shift, and go to state 51

    relation_and_exp           go to state 107
    relation_exp               go to state 54
    expression                 go to state 55
    multiplicative_expression  go to state 56
    term                       go to state 57
    var                        go to state 58


State 80

   23 relation_and_exp: relation_exp AND . relation_exp

    IDENT    shift, and go to state 45
    TRUE     shift, and go to state 46
    FALSE    shift, and go to state 47
    NUMBER   shift, and go to state 48
    L_PAREN  shift, and go to state 49
    SUB      shift, and go to state 50
    NOT      shift, and go to state 51

    relation_exp               go to state 108
    expression                 go to state 55
    multiplicative_expression  go to state 56
    term                       go to state 57
    var                        go to state 58


State 81

   29 comp: EQ .

    $default  reduce using rule 29 (comp)


State 82

   30 comp: NEQ .

    $default  reduce using rule 30 (comp)


State 83

   31 comp: LT .

    $default  reduce using rule 31 (comp)


State 84

   32 comp: GT .

    $default  reduce using rule 32 (comp)


State 85

   33 comp: LTE .

    $default  reduce using rule 33 (comp)


State 86

   34 comp: GTE .

    $default  reduce using rule 34 (comp)


State 87

   25 relation_exp: expression comp . expression

    IDENT    shift, and go to state 45
    NUMBER   shift, and go to state 48
    L_PAREN  shift, and go to state 63
    SUB      shift, and go to state 50

    expression                 go to state 109
    multiplicative_expression  go to state 56
    term                       go to state 57
    var                        go to state 58


State 88

   36 expression: multiplicative_expression ADD . multiplicative_expression

    IDENT    shift, and go to state 45
    NUMBER   shift, and go to state 48
    L_PAREN  shift, and go to state 63
    SUB      shift, and go to state 50

    multiplicative_expression  go to state 110
    term                       go to state 57
    var                        go to state 58


State 89

   37 expression: multiplicative_expression SUB . multiplicative_expression

    IDENT    shift, and go to state 45
    NUMBER   shift, and go to state 48
    L_PAREN  shift, and go to state 63
    SUB      shift, and go to state 50

    multiplicative_expression  go to state 111
    term                       go to state 57
    var                        go to state 58


State 90

   39 multiplicative_expression: term MULT . term

    IDENT    shift, and go to state 45
    NUMBER   shift, and go to state 48
    L_PAREN  shift, and go to state 63
    SUB      shift, and go to state 50

    term  go to state 112
    var   go to state 58


State 91

   40 multiplicative_expression: term DIV . term

    IDENT    shift, and go to state 45
    NUMBER   shift, and go to state 48
    L_PAREN  shift, and go to state 63
    SUB      shift, and go to state 50

    term  go to state 113
    var   go to state 58


State 92

   41 multiplicative_expression: term MOD . term

    IDENT    shift, and go to state 45
    NUMBER   shift, and go to state 48
    L_PAREN  shift, and go to state 63
    SUB      shift, and go to state 50

    term  go to state 114
    var   go to state 58


State 93

   13 statement: WHILE bool_exp BEGINLOOP . statements ENDLOOP

    IDENT     shift, and go to state 29
    READ      shift, and go to state 30
    IF        shift, and go to state 31
    WHILE     shift, and go to state 32
    DO        shift, and go to state 33
    CONTINUE  shift, and go to state 34
    WRITE     shift, and go to state 35
    FOREACH   shift, and go to state 36
    RETURN    shift, and go to state 37

    $default  reduce using rule 10 (statements)

    statements  go to state 115
    statement   go to state 39
    var         go to state 40


State 94

   14 statement: DO BEGINLOOP statements . ENDLOOP WHILE bool_exp

    ENDLOOP  shift, and go to state 116


State 95

   15 statement: FOREACH IDENT IN . IDENT BEGINLOOP statements ENDLOOP

    IDENT  shift, and go to state 117


State 96

   46 term: L_PAREN expression . R_PAREN

    R_PAREN  shift, and go to state 104


State 97

    9 statements: statement SEMICOLON statements .

    $default  reduce using rule 9 (statements)


State 98

   11 statement: var ASSIGN expression .

    $default  reduce using rule 11 (statement)


State 99

   54 var: IDENT L_SQUARE_BRACKET expression R_SQUARE_BRACKET .

    $default  reduce using rule 54 (var)


State 100

   52 vars: var COMMA vars .

    $default  reduce using rule 52 (vars)


State 101

   49 expressions: expression .
   50            | expression . COMMA expressions

    COMMA  shift, and go to state 118

    $default  reduce using rule 49 (expressions)


State 102

   48 term: IDENT L_PAREN expressions . R_PAREN

    R_PAREN  shift, and go to state 119


State 103

   28 relation_exp: L_PAREN bool_exp R_PAREN .

    $default  reduce using rule 28 (relation_exp)


State 104

   46 term: L_PAREN expression R_PAREN .

    $default  reduce using rule 46 (term)


State 105

   47 term: SUB L_PAREN expression . R_PAREN

    R_PAREN  shift, and go to state 120


State 106

   12 statement: IF bool_exp THEN statement . SEMICOLON ENDIF

    SEMICOLON  shift, and go to state 121


State 107

   21 bool_exp: relation_and_exp OR relation_and_exp .

    $default  reduce using rule 21 (bool_exp)


State 108

   23 relation_and_exp: relation_exp AND relation_exp .

    $default  reduce using rule 23 (relation_and_exp)


State 109

   25 relation_exp: expression comp expression .

    $default  reduce using rule 25 (relation_exp)


State 110

   36 expression: multiplicative_expression ADD multiplicative_expression .

    $default  reduce using rule 36 (expression)


State 111

   37 expression: multiplicative_expression SUB multiplicative_expression .

    $default  reduce using rule 37 (expression)


State 112

   39 multiplicative_expression: term MULT term .

    $default  reduce using rule 39 (multiplicative_expression)


State 113

   40 multiplicative_expression: term DIV term .

    $default  reduce using rule 40 (multiplicative_expression)


State 114

   41 multiplicative_expression: term MOD term .

    $default  reduce using rule 41 (multiplicative_expression)


State 115

   13 statement: WHILE bool_exp BEGINLOOP statements . ENDLOOP

    ENDLOOP  shift, and go to state 122


State 116

   14 statement: DO BEGINLOOP statements ENDLOOP . WHILE bool_exp

    WHILE  shift, and go to state 123


State 117

   15 statement: FOREACH IDENT IN IDENT . BEGINLOOP statements ENDLOOP

    BEGINLOOP  shift, and go to state 124


State 118

   50 expressions: expression COMMA . expressions

    IDENT    shift, and go to state 45
    NUMBER   shift, and go to state 48
    L_PAREN  shift, and go to state 63
    SUB      shift, and go to state 50

    expression                 go to state 101
    multiplicative_expression  go to state 56
    term                       go to state 57
    expressions                go to state 125
    var                        go to state 58


State 119

   48 term: IDENT L_PAREN expressions R_PAREN .

    $default  reduce using rule 48 (term)


State 120

   47 term: SUB L_PAREN expression R_PAREN .

    $default  reduce using rule 47 (term)


State 121

   12 statement: IF bool_exp THEN statement SEMICOLON . ENDIF

    ENDIF  shift, and go to state 126


State 122

   13 statement: WHILE bool_exp BEGINLOOP statements ENDLOOP .

    $default  reduce using rule 13 (statement)


State 123

   14 statement: DO BEGINLOOP statements ENDLOOP WHILE . bool_exp

    IDENT    shift, and go to state 45
    TRUE     shift, and go to state 46
    FALSE    shift, and go to state 47
    NUMBER   shift, and go to state 48
    L_PAREN  shift, and go to state 49
    SUB      shift, and go to state 50
    NOT      shift, and go to state 51

    bool_exp                   go to state 127
    relation_and_exp           go to state 53
    relation_exp               go to state 54
    expression                 go to state 55
    multiplicative_expression  go to state 56
    term                       go to state 57
    var                        go to state 58


State 124

   15 statement: FOREACH IDENT IN IDENT BEGINLOOP . statements ENDLOOP

    IDENT     shift, and go to state 29
    READ      shift, and go to state 30
    IF        shift, and go to state 31
    WHILE     shift, and go to state 32
    DO        shift, and go to state 33
    CONTINUE  shift, and go to state 34
    WRITE     shift, and go to state 35
    FOREACH   shift, and go to state 36
    RETURN    shift, and go to state 37

    $default  reduce using rule 10 (statements)

    statements  go to state 128
    statement   go to state 39
    var         go to state 40


State 125

   50 expressions: expression COMMA expressions .

    $default  reduce using rule 50 (expressions)


State 126

   12 statement: IF bool_exp THEN statement SEMICOLON ENDIF .

    $default  reduce using rule 12 (statement)


State 127

   14 statement: DO BEGINLOOP statements ENDLOOP WHILE bool_exp .

    $default  reduce using rule 14 (statement)


State 128

   15 statement: FOREACH IDENT IN IDENT BEGINLOOP statements . ENDLOOP

    ENDLOOP  shift, and go to state 129


State 129

   15 statement: FOREACH IDENT IN IDENT BEGINLOOP statements ENDLOOP .

    $default  reduce using rule 15 (statement)
